<?xml version="1.0" encoding="UTF-8"?>
<testsuite name="Academy Choucair" tests="1" skipped="0" failures="1" errors="0" timestamp="2021-02-12T01:20:31" hostname="DESKTOP-QSJT43B" time="20.999">
  <properties/>
  <testcase name="Search for a automation course" classname="Academy Choucair" time="20.999">
    <failure message="cucumber.runtime.CucumberException: Arity mismatch: Step Definition 'stepdefinitions.ChoucairAcademyStepDefinitions.heSearchForTheCourseRecursosAutomatizacionBancolombiaOnTheChoucairAcademyPlatform(AcademyChoucairData&gt;) in file:/D:/proyecto%20choucair/build/classes/java/test/' with pattern [^he search for the course (.*) on the choucair academy platform$] is declared with 1 parameters. However, the gherkin step has 2 arguments [, Table:[[strCourse], [Recursos Automatizacion Bancolombia]]]. &#10;Step text: he search for the course  on the choucair academy platform" type="cucumber.runtime.CucumberException">cucumber.runtime.CucumberException: Arity mismatch: Step Definition 'stepdefinitions.ChoucairAcademyStepDefinitions.heSearchForTheCourseRecursosAutomatizacionBancolombiaOnTheChoucairAcademyPlatform(AcademyChoucairData&gt;) in file:/D:/proyecto%20choucair/build/classes/java/test/' with pattern [^he search for the course (.*) on the choucair academy platform$] is declared with 1 parameters. However, the gherkin step has 2 arguments [, Table:[[strCourse], [Recursos Automatizacion Bancolombia]]]. 
Step text: he search for the course  on the choucair academy platform
	at cucumber.runtime.StepDefinitionMatch.arityMismatch(StepDefinitionMatch.java:111)
	at cucumber.runtime.StepDefinitionMatch.transformedArgs(StepDefinitionMatch.java:66)
	at cucumber.runtime.StepDefinitionMatch.runStep(StepDefinitionMatch.java:40)
	at cucumber.api.TestStep.executeStep(TestStep.java:102)
	at cucumber.api.TestStep.run(TestStep.java:83)
	at cucumber.api.TestCase.run(TestCase.java:58)
	at cucumber.runner.Runner.runPickle(Runner.java:80)
	at cucumber.runtime.junit.PickleRunners$NoStepDescriptions.run(PickleRunners.java:140)
	at cucumber.runtime.junit.FeatureRunner.runChild(FeatureRunner.java:68)
	at cucumber.runtime.junit.FeatureRunner.runChild(FeatureRunner.java:23)
	at org.junit.runners.ParentRunner$3.run(ParentRunner.java:290)
	at org.junit.runners.ParentRunner$1.schedule(ParentRunner.java:71)
	at org.junit.runners.ParentRunner.runChildren(ParentRunner.java:288)
	at org.junit.runners.ParentRunner.access$000(ParentRunner.java:58)
	at org.junit.runners.ParentRunner$2.evaluate(ParentRunner.java:268)
	at org.junit.runners.ParentRunner.run(ParentRunner.java:363)
	at cucumber.runtime.junit.FeatureRunner.run(FeatureRunner.java:73)
	at cucumber.api.junit.Cucumber.runChild(Cucumber.java:118)
	at cucumber.api.junit.Cucumber.runChild(Cucumber.java:56)
	at org.junit.runners.ParentRunner$3.run(ParentRunner.java:290)
	at org.junit.runners.ParentRunner$1.schedule(ParentRunner.java:71)
	at org.junit.runners.ParentRunner.runChildren(ParentRunner.java:288)
	at org.junit.runners.ParentRunner.access$000(ParentRunner.java:58)
	at org.junit.runners.ParentRunner$2.evaluate(ParentRunner.java:268)
	at cucumber.api.junit.Cucumber$1.evaluate(Cucumber.java:127)
	at org.junit.runners.ParentRunner.run(ParentRunner.java:363)
	at org.gradle.api.internal.tasks.testing.junit.JUnitTestClassExecutor.runTestClass(JUnitTestClassExecutor.java:110)
	at org.gradle.api.internal.tasks.testing.junit.JUnitTestClassExecutor.execute(JUnitTestClassExecutor.java:58)
	at org.gradle.api.internal.tasks.testing.junit.JUnitTestClassExecutor.execute(JUnitTestClassExecutor.java:38)
	at org.gradle.api.internal.tasks.testing.junit.AbstractJUnitTestClassProcessor.processTestClass(AbstractJUnitTestClassProcessor.java:62)
	at org.gradle.api.internal.tasks.testing.SuiteTestClassProcessor.processTestClass(SuiteTestClassProcessor.java:51)
	at java.base/jdk.internal.reflect.NativeMethodAccessorImpl.invoke0(Native Method)
	at java.base/jdk.internal.reflect.NativeMethodAccessorImpl.invoke(NativeMethodAccessorImpl.java:62)
	at java.base/jdk.internal.reflect.DelegatingMethodAccessorImpl.invoke(DelegatingMethodAccessorImpl.java:43)
	at java.base/java.lang.reflect.Method.invoke(Method.java:566)
	at org.gradle.internal.dispatch.ReflectionDispatch.dispatch(ReflectionDispatch.java:35)
	at org.gradle.internal.dispatch.ReflectionDispatch.dispatch(ReflectionDispatch.java:24)
	at org.gradle.internal.dispatch.ContextClassLoaderDispatch.dispatch(ContextClassLoaderDispatch.java:32)
	at org.gradle.internal.dispatch.ProxyDispatchAdapter$DispatchingInvocationHandler.invoke(ProxyDispatchAdapter.java:93)
	at com.sun.proxy.$Proxy2.processTestClass(Unknown Source)
	at org.gradle.api.internal.tasks.testing.worker.TestWorker.processTestClass(TestWorker.java:118)
	at java.base/jdk.internal.reflect.NativeMethodAccessorImpl.invoke0(Native Method)
	at java.base/jdk.internal.reflect.NativeMethodAccessorImpl.invoke(NativeMethodAccessorImpl.java:62)
	at java.base/jdk.internal.reflect.DelegatingMethodAccessorImpl.invoke(DelegatingMethodAccessorImpl.java:43)
	at java.base/java.lang.reflect.Method.invoke(Method.java:566)
	at org.gradle.internal.dispatch.ReflectionDispatch.dispatch(ReflectionDispatch.java:35)
	at org.gradle.internal.dispatch.ReflectionDispatch.dispatch(ReflectionDispatch.java:24)
	at org.gradle.internal.remote.internal.hub.MessageHubBackedObjectConnection$DispatchWrapper.dispatch(MessageHubBackedObjectConnection.java:175)
	at org.gradle.internal.remote.internal.hub.MessageHubBackedObjectConnection$DispatchWrapper.dispatch(MessageHubBackedObjectConnection.java:157)
	at org.gradle.internal.remote.internal.hub.MessageHub$Handler.run(MessageHub.java:404)
	at org.gradle.internal.concurrent.ExecutorPolicy$CatchAndRecordFailures.onExecute(ExecutorPolicy.java:63)
	at org.gradle.internal.concurrent.ManagedExecutorImpl$1.run(ManagedExecutorImpl.java:46)
	at java.base/java.util.concurrent.ThreadPoolExecutor.runWorker(ThreadPoolExecutor.java:1128)
	at java.base/java.util.concurrent.ThreadPoolExecutor$Worker.run(ThreadPoolExecutor.java:628)
	at org.gradle.internal.concurrent.ThreadFactoryImpl$ManagedThreadRunnable.run(ThreadFactoryImpl.java:55)
	at java.base/java.lang.Thread.run(Thread.java:834)
</failure>
    <failure message="cucumber.runtime.junit.UndefinedThrowable: The step &quot;he finds the course called resources&quot; is undefined" type="cucumber.runtime.junit.UndefinedThrowable">cucumber.runtime.junit.UndefinedThrowable: The step &quot;he finds the course called resources&quot; is undefined
</failure>
  </testcase>
  <system-out><![CDATA[]]></system-out>
  <system-err><![CDATA[[Test worker] WARN net.thucydides.core.steps.BaseStepListener - stepStarted: net.thucydides.core.steps.ExecutedStepDescription@3bc293cd
[Test worker] WARN net.thucydides.core.steps.BaseStepListener - stepStarted: net.thucydides.core.steps.ExecutedStepDescription@4026aba7
[Test worker] WARN net.thucydides.core.steps.BaseStepListener - stepStarted: net.thucydides.core.steps.ExecutedStepDescription@3920a027
feb. 11, 2021 8:20:33 P. M. org.openqa.selenium.remote.DesiredCapabilities chrome
INFORMACIÓN: Using `new ChromeOptions()` is preferred to `DesiredCapabilities.chrome()`
[Test worker] INFO net.serenitybdd.core.webdriver.driverproviders.ProvideNewDriver - Instantiating driver
[Test worker] INFO net.serenitybdd.core.webdriver.driverproviders.ProvideNewDriver - Driver capabilities: Capabilities {acceptInsecureCerts: false, browserName: chrome, chrome.switches: --start-maximized, goog:chromeOptions: {args: [--start-maximized], extensions: []}, loggingPrefs: org.openqa.selenium.logging..., platform: ANY, version: }
Starting ChromeDriver 88.0.4324.96 (68dba2d8a0b149a1d3afac56fa74648032bcf46b-refs/branch-heads/4324@{#1784}) on port 7103
Only local connections are allowed.
Please see https://chromedriver.chromium.org/security-considerations for suggestions on keeping ChromeDriver safe.
ChromeDriver was started successfully.
feb. 11, 2021 8:20:36 P. M. org.openqa.selenium.remote.ProtocolHandshake createSession
INFORMACIÓN: Detected dialect: W3C
[Test worker] WARN net.thucydides.core.steps.BaseStepListener - stepFinished: current outcome:Search for a automation course:Example: {strUser=1061781406, strPassword=Choucair2021*, strCourse=Recursos Automatizacion Bancolombia} [Given than cristian wants to learn automation at the academy Choucair
| strUser | strPassword |
| 1061781406 | Choucair2021* | [Cristian open up [Cristian opens the Choucair academy page]]]
[Test worker] WARN net.thucydides.core.steps.BaseStepListener - stepFinished: current outcome:Search for a automation course:Example: {strUser=1061781406, strPassword=Choucair2021*, strCourse=Recursos Automatizacion Bancolombia} [Given than cristian wants to learn automation at the academy Choucair
| strUser | strPassword |
| 1061781406 | Choucair2021* | [Cristian open up [Cristian opens the Choucair academy page]]]
[Test worker] WARN net.thucydides.core.steps.BaseStepListener - stepStarted: net.thucydides.core.steps.ExecutedStepDescription@12d6dfd4
[Test worker] WARN net.thucydides.core.steps.BaseStepListener - stepStarted: net.thucydides.core.steps.ExecutedStepDescription@2fe9505a
[Test worker] WARN net.thucydides.core.steps.BaseStepListener - stepFinished: current outcome:Search for a automation course:Example: {strUser=1061781406, strPassword=Choucair2021*, strCourse=Recursos Automatizacion Bancolombia} [Given than cristian wants to learn automation at the academy Choucair
| strUser | strPassword |
| 1061781406 | Choucair2021* | [Cristian open up [Cristian opens the Choucair academy page], Cristian login [Cristian clicks on button that shows us the form to login]]]
[Test worker] WARN net.thucydides.core.steps.BaseStepListener - stepStarted: net.thucydides.core.steps.ExecutedStepDescription@abc7366
[Test worker] WARN net.thucydides.core.steps.BaseStepListener - stepFinished: current outcome:Search for a automation course:Example: {strUser=1061781406, strPassword=Choucair2021*, strCourse=Recursos Automatizacion Bancolombia} [Given than cristian wants to learn automation at the academy Choucair
| strUser | strPassword |
| 1061781406 | Choucair2021* | [Cristian open up [Cristian opens the Choucair academy page], Cristian login [Cristian clicks on button that shows us the form to login, Cristian enters '1061781406' into where do we write the user]]]
[Test worker] WARN net.thucydides.core.steps.BaseStepListener - stepStarted: net.thucydides.core.steps.ExecutedStepDescription@53a7ba08
[Test worker] WARN net.thucydides.core.steps.BaseStepListener - stepFinished: current outcome:Search for a automation course:Example: {strUser=1061781406, strPassword=Choucair2021*, strCourse=Recursos Automatizacion Bancolombia} [Given than cristian wants to learn automation at the academy Choucair
| strUser | strPassword |
| 1061781406 | Choucair2021* | [Cristian open up [Cristian opens the Choucair academy page], Cristian login [Cristian clicks on button that shows us the form to login, Cristian enters '1061781406' into where do we write the user, Cristian enters 'Choucair2021*' into where do we write the password]]]
[Test worker] WARN net.thucydides.core.steps.BaseStepListener - stepStarted: net.thucydides.core.steps.ExecutedStepDescription@5b1b1051
[Test worker] WARN net.thucydides.core.steps.BaseStepListener - stepFinished: current outcome:Search for a automation course:Example: {strUser=1061781406, strPassword=Choucair2021*, strCourse=Recursos Automatizacion Bancolombia} [Given than cristian wants to learn automation at the academy Choucair
| strUser | strPassword |
| 1061781406 | Choucair2021* | [Cristian open up [Cristian opens the Choucair academy page], Cristian login [Cristian clicks on button that shows us the form to login, Cristian enters '1061781406' into where do we write the user, Cristian enters 'Choucair2021*' into where do we write the password, Cristian clicks on button to confirm login]]]
[Test worker] WARN net.thucydides.core.steps.BaseStepListener - stepFinished: current outcome:Search for a automation course:Example: {strUser=1061781406, strPassword=Choucair2021*, strCourse=Recursos Automatizacion Bancolombia} [Given than cristian wants to learn automation at the academy Choucair
| strUser | strPassword |
| 1061781406 | Choucair2021* | [Cristian open up [Cristian opens the Choucair academy page], Cristian login [Cristian clicks on button that shows us the form to login, Cristian enters '1061781406' into where do we write the user, Cristian enters 'Choucair2021*' into where do we write the password, Cristian clicks on button to confirm login]]]
[Test worker] WARN net.thucydides.core.steps.BaseStepListener - stepFinished: current outcome:Search for a automation course:Example: {strUser=1061781406, strPassword=Choucair2021*, strCourse=Recursos Automatizacion Bancolombia} [Given than cristian wants to learn automation at the academy Choucair
| strUser | strPassword |
| 1061781406 | Choucair2021* | [Cristian open up [Cristian opens the Choucair academy page], Cristian login [Cristian clicks on button that shows us the form to login, Cristian enters '1061781406' into where do we write the user, Cristian enters 'Choucair2021*' into where do we write the password, Cristian clicks on button to confirm login]]]
[Test worker] WARN net.thucydides.core.steps.BaseStepListener - stepStarted: net.thucydides.core.steps.ExecutedStepDescription@537fa08b
[Test worker] WARN net.thucydides.core.steps.BaseStepListener - stepStarted: net.thucydides.core.steps.ExecutedStepDescription@5c330028
[Test worker] INFO net.thucydides.core.steps.ConsoleLoggingListener - TEST PENDING
[Test worker] WARN net.thucydides.core.steps.BaseStepListener - testFinished: Search for a automation course:Example: {strUser=1061781406, strPassword=Choucair2021*, strCourse=Recursos Automatizacion Bancolombia} [Given than cristian wants to learn automation at the academy Choucair
| strUser | strPassword |
| 1061781406 | Choucair2021* | [Cristian open up [Cristian opens the Choucair academy page], Cristian login [Cristian clicks on button that shows us the form to login, Cristian enters '1061781406' into where do we write the user, Cristian enters 'Choucair2021*' into where do we write the password, Cristian clicks on button to confirm login]], When he search for the course  on the choucair academy platform
| strCourse |
| Recursos Automatizacion Bancolombia |, Then he finds the course called resources
| strCourse |
| Recursos Automatizacion Bancolombia |]
[Test worker] WARN net.thucydides.core.steps.BaseStepListener - TestOutcomes: [Search for a automation course:Example: {strUser=1061781406, strPassword=Choucair2021*, strCourse=Recursos Automatizacion Bancolombia} [Given than cristian wants to learn automation at the academy Choucair
| strUser | strPassword |
| 1061781406 | Choucair2021* | [Cristian open up [Cristian opens the Choucair academy page], Cristian login [Cristian clicks on button that shows us the form to login, Cristian enters '1061781406' into where do we write the user, Cristian enters 'Choucair2021*' into where do we write the password, Cristian clicks on button to confirm login]], When he search for the course  on the choucair academy platform
| strCourse |
| Recursos Automatizacion Bancolombia |, Then he finds the course called resources
| strCourse |
| Recursos Automatizacion Bancolombia |]]
[Test worker] WARN net.thucydides.core.steps.BaseStepListener - Final testOutcomes: [Search for a automation course:Example: {strUser=1061781406, strPassword=Choucair2021*, strCourse=Recursos Automatizacion Bancolombia} [Given than cristian wants to learn automation at the academy Choucair
| strUser | strPassword |
| 1061781406 | Choucair2021* | [Cristian open up [Cristian opens the Choucair academy page], Cristian login [Cristian clicks on button that shows us the form to login, Cristian enters '1061781406' into where do we write the user, Cristian enters 'Choucair2021*' into where do we write the password, Cristian clicks on button to confirm login]], When he search for the course  on the choucair academy platform
| strCourse |
| Recursos Automatizacion Bancolombia |, Then he finds the course called resources
| strCourse |
| Recursos Automatizacion Bancolombia |]]
[Test worker] ERROR net.thucydides.core.steps.ConsoleLoggingListener - 
           __  _____ _____ ____ _____   _____ _    ___ _     _____ ____  
  _       / / |_   _| ____/ ___|_   _| |  ___/ \  |_ _| |   | ____|  _ \ 
 (_)_____| |    | | |  _| \___ \ | |   | |_ / _ \  | || |   |  _| | | | |
  _|_____| |    | | | |___ ___) || |   |  _/ ___ \ | || |___| |___| |_| |
 (_)     | |    |_| |_____|____/ |_|   |_|/_/   \_\___|_____|_____|____/ 
          \_\                                                            

TEST FAILED WITH ERROR: Search for a automation course
---------------------------------------------------------------------
[Test worker] ERROR net.thucydides.core.steps.ConsoleLoggingListener - TEST FAILED AT STEP When he search for the course on the choucair academy platform | strCourse | | Recursos Automatizacion Bancolombia |
[Test worker] ERROR net.thucydides.core.steps.ConsoleLoggingListener - Arity mismatch: Step Definition 'stepdefinitions.ChoucairAcademyStepDefinitions.heSearchForTheCourseRecursosAutomatizacionBancolombiaOnTheChoucairAcademyPlatform(AcademyChoucairData>) in file:/D:/proyecto%20choucair/build/classes/java/test/' with pattern [^he search for the course (.*) on the choucair academy platform$] is declared with 1 parameters. However, the gherkin step has 2 arguments [, Table:[[strCourse], [Recursos Automatizacion Bancolombia]]]. 
]]></system-err>
</testsuite>
